  Algorithm_Prototype.cpp
c:\users\marcel\documents\studium\projektarbeiten\it_projekt\project_it2_navigationsystem\algorithm_prototype\algorithm_prototype\way_calculator.h(18): error C2143: Syntaxfehler: Es fehlt ";" vor "*"
c:\users\marcel\documents\studium\projektarbeiten\it_projekt\project_it2_navigationsystem\algorithm_prototype\algorithm_prototype\way_calculator.h(18): error C4430: Fehlender Typspezifizierer - int wird angenommen. Hinweis: "default-int" wird von C++ nicht unterstützt.
c:\users\marcel\documents\studium\projektarbeiten\it_projekt\project_it2_navigationsystem\algorithm_prototype\algorithm_prototype\way_calculator.h(18): error C2238: Unerwartete(s) Token vor ";"
c:\users\marcel\documents\studium\projektarbeiten\it_projekt\project_it2_navigationsystem\algorithm_prototype\algorithm_prototype\way_calculator.h(44): error C2061: Syntaxfehler: Bezeichner "Map"
c:\users\marcel\documents\studium\projektarbeiten\it_projekt\project_it2_navigationsystem\algorithm_prototype\algorithm_prototype\way_calculator.h(44): error C2535: "Way_Calculator::Way_Calculator(void)": Memberfunktion bereits definiert oder deklariert
  c:\users\marcel\documents\studium\projektarbeiten\it_projekt\project_it2_navigationsystem\algorithm_prototype\algorithm_prototype\way_calculator.h(41): note: Siehe Deklaration von "Way_Calculator::Way_Calculator"
c:\users\marcel\documents\studium\projektarbeiten\it_projekt\project_it2_navigationsystem\algorithm_prototype\algorithm_prototype\calculator_bestway.h(24): error C2061: Syntaxfehler: Bezeichner "Map"
c:\users\marcel\documents\studium\projektarbeiten\it_projekt\project_it2_navigationsystem\algorithm_prototype\algorithm_prototype\calculator_bestway.h(24): error C2535: "Calculator_BestWay::Calculator_BestWay(void)": Memberfunktion bereits definiert oder deklariert
  c:\users\marcel\documents\studium\projektarbeiten\it_projekt\project_it2_navigationsystem\algorithm_prototype\algorithm_prototype\calculator_bestway.h(21): note: Siehe Deklaration von "Calculator_BestWay::Calculator_BestWay"
c:\users\marcel\documents\studium\projektarbeiten\it_projekt\project_it2_navigationsystem\algorithm_prototype\algorithm_prototype\calculator_everyway.h(19): error C2061: Syntaxfehler: Bezeichner "Map"
c:\users\marcel\documents\studium\projektarbeiten\it_projekt\project_it2_navigationsystem\algorithm_prototype\algorithm_prototype\calculator_everyway.h(19): error C2535: "Calculator_EveryWay::Calculator_EveryWay(void)": Memberfunktion bereits definiert oder deklariert
  c:\users\marcel\documents\studium\projektarbeiten\it_projekt\project_it2_navigationsystem\algorithm_prototype\algorithm_prototype\calculator_everyway.h(16): note: Siehe Deklaration von "Calculator_EveryWay::Calculator_EveryWay"
  Calculator_BestWay.cpp
c:\users\marcel\documents\studium\projektarbeiten\it_projekt\project_it2_navigationsystem\algorithm_prototype\algorithm_prototype\calculator_everyway.h(8): error C2504: "Way_Calculator": Basisklasse undefiniert
c:\users\marcel\documents\studium\projektarbeiten\it_projekt\project_it2_navigationsystem\algorithm_prototype\algorithm_prototype\calculator_everyway.h(19): error C2061: Syntaxfehler: Bezeichner "Map"
c:\users\marcel\documents\studium\projektarbeiten\it_projekt\project_it2_navigationsystem\algorithm_prototype\algorithm_prototype\calculator_everyway.h(19): error C2535: "Calculator_EveryWay::Calculator_EveryWay(void)": Memberfunktion bereits definiert oder deklariert
  c:\users\marcel\documents\studium\projektarbeiten\it_projekt\project_it2_navigationsystem\algorithm_prototype\algorithm_prototype\calculator_everyway.h(16): note: Siehe Deklaration von "Calculator_EveryWay::Calculator_EveryWay"
  Calculator_EveryWay.cpp
c:\users\marcel\documents\studium\projektarbeiten\it_projekt\project_it2_navigationsystem\algorithm_prototype\algorithm_prototype\calculator_bestway.h(12): error C2504: "Way_Calculator": Basisklasse undefiniert
c:\users\marcel\documents\studium\projektarbeiten\it_projekt\project_it2_navigationsystem\algorithm_prototype\algorithm_prototype\calculator_bestway.h(24): error C2061: Syntaxfehler: Bezeichner "Map"
c:\users\marcel\documents\studium\projektarbeiten\it_projekt\project_it2_navigationsystem\algorithm_prototype\algorithm_prototype\calculator_bestway.h(24): error C2535: "Calculator_BestWay::Calculator_BestWay(void)": Memberfunktion bereits definiert oder deklariert
  c:\users\marcel\documents\studium\projektarbeiten\it_projekt\project_it2_navigationsystem\algorithm_prototype\algorithm_prototype\calculator_bestway.h(21): note: Siehe Deklaration von "Calculator_BestWay::Calculator_BestWay"
c:\users\marcel\documents\studium\projektarbeiten\it_projekt\project_it2_navigationsystem\algorithm_prototype\algorithm_prototype\calculator_everyway.cpp(63): warning C4018: "<": Konflikt zwischen "signed" und "unsigned"
  Map.cpp
c:\users\marcel\documents\studium\projektarbeiten\it_projekt\project_it2_navigationsystem\algorithm_prototype\algorithm_prototype\way_calculator.h(18): error C2143: Syntaxfehler: Es fehlt ";" vor "*"
c:\users\marcel\documents\studium\projektarbeiten\it_projekt\project_it2_navigationsystem\algorithm_prototype\algorithm_prototype\way_calculator.h(18): error C4430: Fehlender Typspezifizierer - int wird angenommen. Hinweis: "default-int" wird von C++ nicht unterstützt.
c:\users\marcel\documents\studium\projektarbeiten\it_projekt\project_it2_navigationsystem\algorithm_prototype\algorithm_prototype\way_calculator.h(18): error C2238: Unerwartete(s) Token vor ";"
c:\users\marcel\documents\studium\projektarbeiten\it_projekt\project_it2_navigationsystem\algorithm_prototype\algorithm_prototype\way_calculator.h(44): error C2061: Syntaxfehler: Bezeichner "Map"
c:\users\marcel\documents\studium\projektarbeiten\it_projekt\project_it2_navigationsystem\algorithm_prototype\algorithm_prototype\way_calculator.h(44): error C2535: "Way_Calculator::Way_Calculator(void)": Memberfunktion bereits definiert oder deklariert
  c:\users\marcel\documents\studium\projektarbeiten\it_projekt\project_it2_navigationsystem\algorithm_prototype\algorithm_prototype\way_calculator.h(41): note: Siehe Deklaration von "Way_Calculator::Way_Calculator"
c:\users\marcel\documents\studium\projektarbeiten\it_projekt\project_it2_navigationsystem\algorithm_prototype\algorithm_prototype\calculator_bestway.h(24): error C2061: Syntaxfehler: Bezeichner "Map"
c:\users\marcel\documents\studium\projektarbeiten\it_projekt\project_it2_navigationsystem\algorithm_prototype\algorithm_prototype\calculator_bestway.h(24): error C2535: "Calculator_BestWay::Calculator_BestWay(void)": Memberfunktion bereits definiert oder deklariert
  c:\users\marcel\documents\studium\projektarbeiten\it_projekt\project_it2_navigationsystem\algorithm_prototype\algorithm_prototype\calculator_bestway.h(21): note: Siehe Deklaration von "Calculator_BestWay::Calculator_BestWay"
c:\users\marcel\documents\studium\projektarbeiten\it_projekt\project_it2_navigationsystem\algorithm_prototype\algorithm_prototype\calculator_everyway.h(19): error C2061: Syntaxfehler: Bezeichner "Map"
c:\users\marcel\documents\studium\projektarbeiten\it_projekt\project_it2_navigationsystem\algorithm_prototype\algorithm_prototype\calculator_everyway.h(19): error C2535: "Calculator_EveryWay::Calculator_EveryWay(void)": Memberfunktion bereits definiert oder deklariert
  c:\users\marcel\documents\studium\projektarbeiten\it_projekt\project_it2_navigationsystem\algorithm_prototype\algorithm_prototype\calculator_everyway.h(16): note: Siehe Deklaration von "Calculator_EveryWay::Calculator_EveryWay"
c:\users\marcel\documents\studium\projektarbeiten\it_projekt\project_it2_navigationsystem\algorithm_prototype\algorithm_prototype\map.cpp(20): error C2664: "Calculator_BestWay::Calculator_BestWay(const Calculator_BestWay &)" : Konvertierung von Argument 1 von "Map *" in "const Calculator_BestWay &" nicht möglich
  c:\users\marcel\documents\studium\projektarbeiten\it_projekt\project_it2_navigationsystem\algorithm_prototype\algorithm_prototype\map.cpp(20): note: Ursache: Konvertierung von "Map *" in "const Calculator_BestWay" nicht möglich
  c:\users\marcel\documents\studium\projektarbeiten\it_projekt\project_it2_navigationsystem\algorithm_prototype\algorithm_prototype\map.cpp(20): note: Quelltyp konnte von keinem Konstruktor angenommen werden, oder die Überladungsauflösung des Konstruktors ist mehrdeutig
c:\users\marcel\documents\studium\projektarbeiten\it_projekt\project_it2_navigationsystem\algorithm_prototype\algorithm_prototype\map.cpp(26): error C2664: "Calculator_EveryWay::Calculator_EveryWay(const Calculator_EveryWay &)" : Konvertierung von Argument 1 von "Map *" in "const Calculator_EveryWay &" nicht möglich
  c:\users\marcel\documents\studium\projektarbeiten\it_projekt\project_it2_navigationsystem\algorithm_prototype\algorithm_prototype\map.cpp(26): note: Ursache: Konvertierung von "Map *" in "const Calculator_EveryWay" nicht möglich
  c:\users\marcel\documents\studium\projektarbeiten\it_projekt\project_it2_navigationsystem\algorithm_prototype\algorithm_prototype\map.cpp(26): note: Quelltyp konnte von keinem Konstruktor angenommen werden, oder die Überladungsauflösung des Konstruktors ist mehrdeutig
  testMain.cpp
c:\users\marcel\documents\studium\projektarbeiten\it_projekt\project_it2_navigationsystem\algorithm_prototype\algorithm_prototype\testmain.cpp(2): fatal error C1010: Unerwartetes Dateiende während der Suche nach dem vorkompilierten Header. Haben Sie möglicherweise vergessen, im Quellcode "#include "pch.h"" einzufügen?
  Way_Calculator.cpp
c:\users\marcel\documents\studium\projektarbeiten\it_projekt\project_it2_navigationsystem\algorithm_prototype\algorithm_prototype\calculator_bestway.h(12): error C2504: "Way_Calculator": Basisklasse undefiniert
c:\users\marcel\documents\studium\projektarbeiten\it_projekt\project_it2_navigationsystem\algorithm_prototype\algorithm_prototype\calculator_bestway.h(24): error C2061: Syntaxfehler: Bezeichner "Map"
c:\users\marcel\documents\studium\projektarbeiten\it_projekt\project_it2_navigationsystem\algorithm_prototype\algorithm_prototype\calculator_bestway.h(24): error C2535: "Calculator_BestWay::Calculator_BestWay(void)": Memberfunktion bereits definiert oder deklariert
  c:\users\marcel\documents\studium\projektarbeiten\it_projekt\project_it2_navigationsystem\algorithm_prototype\algorithm_prototype\calculator_bestway.h(21): note: Siehe Deklaration von "Calculator_BestWay::Calculator_BestWay"
c:\users\marcel\documents\studium\projektarbeiten\it_projekt\project_it2_navigationsystem\algorithm_prototype\algorithm_prototype\calculator_everyway.h(8): error C2504: "Way_Calculator": Basisklasse undefiniert
c:\users\marcel\documents\studium\projektarbeiten\it_projekt\project_it2_navigationsystem\algorithm_prototype\algorithm_prototype\calculator_everyway.h(19): error C2061: Syntaxfehler: Bezeichner "Map"
c:\users\marcel\documents\studium\projektarbeiten\it_projekt\project_it2_navigationsystem\algorithm_prototype\algorithm_prototype\calculator_everyway.h(19): error C2535: "Calculator_EveryWay::Calculator_EveryWay(void)": Memberfunktion bereits definiert oder deklariert
  c:\users\marcel\documents\studium\projektarbeiten\it_projekt\project_it2_navigationsystem\algorithm_prototype\algorithm_prototype\calculator_everyway.h(16): note: Siehe Deklaration von "Calculator_EveryWay::Calculator_EveryWay"
  Code wird generiert...
